"../../../Engine/Content/EditorMaterials/TargetIcon.uasset" 0
"K:/RIGPAR/RAS Project/RAS_Trainer V1/Content/UI/Crosshair.uasset" 1
"K:/RIGPAR/RAS Project/RAS_Trainer V1/Content/Sound/CustomSoundClass.uasset" 2
"K:/RIGPAR/RAS Project/RAS_Trainer V1/Content/Sound/CustomSoundMix.uasset" 3
"K:/RIGPAR/RAS Project/RAS_Trainer V1/Content/UI/OptionsMenu.uasset" 4
"K:/RIGPAR/RAS Project/RAS_Trainer V1/Content/UI/Oculus_Controls.uasset" 5
"K:/RIGPAR/RAS Project/RAS_Trainer V1/Content/UI/Keyboard_Controls.uasset" 6
"K:/RIGPAR/RAS Project/RAS_Trainer V1/Content/UI/ControlsMenu.uasset" 7
"../../../Engine/Content/EditorBlueprintResources/StandardMacros.uasset" 8
"K:/RIGPAR/RAS Project/RAS_Trainer V1/Content/UI/PauseMenu.uasset" 9
"K:/RIGPAR/RAS Project/RAS_Trainer V1/Content/Player/Hands/RightHand_Skeleton.uasset" 10
"K:/RIGPAR/RAS Project/RAS_Trainer V1/Content/Player/Hands/RightHand_NavyCharacter_OcclusionRoughnessMetallic.uasset" 11
"K:/RIGPAR/RAS Project/RAS_Trainer V1/Content/Player/Hands/RightHand_NavyCharacter_Normal.uasset" 12
"K:/RIGPAR/RAS Project/RAS_Trainer V1/Content/Player/Hands/RightHand_NavyCharacter_BaseColor.uasset" 13
"K:/RIGPAR/RAS Project/RAS_Trainer V1/Content/Player/Hands/Hand_M.uasset" 14
"K:/RIGPAR/RAS Project/RAS_Trainer V1/Content/Player/Hands/RightHand.uasset" 15
"K:/RIGPAR/RAS Project/RAS_Trainer V1/Content/Player/Character/NavyCharacterNew_PhysicsAsset.uasset" 16
"K:/RIGPAR/RAS Project/RAS_Trainer V1/Content/Player/Character/NavyCharacterNew_Skeleton.uasset" 17
"K:/RIGPAR/RAS Project/RAS_Trainer V1/Content/Player/Character/NavyCharacterNew_NavyCharacter_Roughness.uasset" 18
"K:/RIGPAR/RAS Project/RAS_Trainer V1/Content/Player/Character/NavyCharacterNew_NavyCharacter_Normal.uasset" 19
"K:/RIGPAR/RAS Project/RAS_Trainer V1/Content/Player/Character/NavyCharacterNew_NavyCharacter_Metallic.uasset" 20
"K:/RIGPAR/RAS Project/RAS_Trainer V1/Content/Player/Character/NavyCharacterNew_NavyCharacter_BaseColor.uasset" 21
"K:/RIGPAR/RAS Project/RAS_Trainer V1/Content/Player/Character/NavyCharacter.uasset" 22
"K:/RIGPAR/RAS Project/RAS_Trainer V1/Content/Player/Character/NavyCharacterNew.uasset" 23
"../../../Engine/Content/Animation/DefaultAnimCurveCompressionSettings.uasset" 24
"../../../Engine/Content/Animation/DefaultAnimBoneCompressionSettings.uasset" 25
"K:/RIGPAR/RAS Project/RAS_Trainer V1/Content/Player/Hands/RightHandClosing_Armature_TorusAction.uasset" 26
"K:/RIGPAR/RAS Project/RAS_Trainer V1/Content/Player/Hands/RightHand_Open.uasset" 27
"K:/RIGPAR/RAS Project/RAS_Trainer V1/Content/Player/Hands/RightHandAnimBP.uasset" 28
"K:/RIGPAR/RAS Project/RAS_Trainer V1/Content/Player/Hands/LeftHandAnimBP.uasset" 29
"K:/RIGPAR/RAS Project/RAS_Trainer V1/Content/Player/Character/NavyCharacterWalk.uasset" 30
"K:/RIGPAR/RAS Project/RAS_Trainer V1/Content/Player/Character/NavyCharacterIdle.uasset" 31
"K:/RIGPAR/RAS Project/RAS_Trainer V1/Content/Player/Character/NavyCharacterIdleWalk.uasset" 32
"K:/RIGPAR/RAS Project/RAS_Trainer V1/Content/Player/Character/NavyCharacterAnimBP.uasset" 33
"K:/RIGPAR/RAS Project/RAS_Trainer V1/Content/Player/BP_SpectatorCharacter.uasset" 34
"K:/RIGPAR/RAS Project/RAS_Trainer V1/Content/Player/BP_VRCharacter.uasset" 35
"K:/RIGPAR/RAS Project/RAS_Trainer V1/Content/Models/ModelsForShip/Floor_Hook/Floor_Hook_Floor_Hook_OcclusionRoughnessMetallic.uasset" 36
"K:/RIGPAR/RAS Project/RAS_Trainer V1/Content/Models/ModelsForShip/Floor_Hook/Floor_Hook_Floor_Hook_Normal.uasset" 37
"K:/RIGPAR/RAS Project/RAS_Trainer V1/Content/Models/ModelsForShip/Floor_Hook/Floor_Hook_Floor_Hook_BaseColor.uasset" 38
"K:/RIGPAR/RAS Project/RAS_Trainer V1/Content/Models/ModelsForShip/Floor_Hook/Mat_Floor_Hook.uasset" 39
"K:/RIGPAR/RAS Project/RAS_Trainer V1/Content/Models/ModelsForShip/Floor_Hook/Floor_Hook.uasset" 40
"K:/RIGPAR/RAS Project/RAS_Trainer V1/Content/Models/ModelsForShip/Lights/Light_001_Texture_OcclusionRoughnessMetallic.uasset" 41
"K:/RIGPAR/RAS Project/RAS_Trainer V1/Content/Models/ModelsForShip/Lights/Light_001_Texture_Normal.uasset" 42
"K:/RIGPAR/RAS Project/RAS_Trainer V1/Content/Models/ModelsForShip/Lights/Light_001_Texture_BaseColor.uasset" 43
"K:/RIGPAR/RAS Project/RAS_Trainer V1/Content/Models/ModelsForShip/Lights/M_Light001.uasset" 44
"K:/RIGPAR/RAS Project/RAS_Trainer V1/Content/Models/ModelsForShip/Lights/M_Glass.uasset" 45
"K:/RIGPAR/RAS Project/RAS_Trainer V1/Content/Models/ModelsForShip/Lights/Light_001.uasset" 46
"K:/RIGPAR/RAS Project/RAS_Trainer V1/Content/Models/ModelsForShip/Lights/Light_002_Texture_OcclusionRoughnessMetallic.uasset" 47
"K:/RIGPAR/RAS Project/RAS_Trainer V1/Content/Models/ModelsForShip/Lights/Light_002_Texture_Normal.uasset" 48
"K:/RIGPAR/RAS Project/RAS_Trainer V1/Content/Models/ModelsForShip/Lights/Light_002_Texture_BaseColor.uasset" 49
"K:/RIGPAR/RAS Project/RAS_Trainer V1/Content/Models/ModelsForShip/Lights/M_Light002.uasset" 50
"K:/RIGPAR/RAS Project/RAS_Trainer V1/Content/Models/ModelsForShip/Lights/Light_002.uasset" 51
"K:/RIGPAR/RAS Project/RAS_Trainer V1/Content/Models/ModelsForShip/Pin/Pin_Pin_OcclusionRoughnessMetallic.uasset" 52
"K:/RIGPAR/RAS Project/RAS_Trainer V1/Content/Models/ModelsForShip/Pin/Pin_Pin_Normal.uasset" 53
"K:/RIGPAR/RAS Project/RAS_Trainer V1/Content/Models/ModelsForShip/Pin/Pin_Pin_BaseColor.uasset" 54
"K:/RIGPAR/RAS Project/RAS_Trainer V1/Content/Models/ModelsForShip/Pin/Mat_Pin.uasset" 55
"K:/RIGPAR/RAS Project/RAS_Trainer V1/Content/Models/ModelsForShip/Pin/Pin.uasset" 56
"K:/RIGPAR/RAS Project/RAS_Trainer V1/Content/Models/ModelsForShip/Probe/ConeThing_DefaultMaterial_OcclusionRoughnessMetallic.uasset" 57
"K:/RIGPAR/RAS Project/RAS_Trainer V1/Content/Models/ModelsForShip/Probe/ConeThing_DefaultMaterial_Normal.uasset" 58
"K:/RIGPAR/RAS Project/RAS_Trainer V1/Content/Models/ModelsForShip/Probe/ConeThing_DefaultMaterial_BaseColor.uasset" 59
"K:/RIGPAR/RAS Project/RAS_Trainer V1/Content/Models/ModelsForShip/Probe/Mat_Probe.uasset" 60
"K:/RIGPAR/RAS Project/RAS_Trainer V1/Content/Models/ModelsForShip/Probe/Probe.uasset" 61
"K:/RIGPAR/RAS Project/RAS_Trainer V1/Content/Models/ModelsForShip/Pulley/Pulley_Pulley_OcclusionRoughnessMetallic.uasset" 62
"K:/RIGPAR/RAS Project/RAS_Trainer V1/Content/Models/ModelsForShip/Pulley/Pulley_Pulley_Normal.uasset" 63
"K:/RIGPAR/RAS Project/RAS_Trainer V1/Content/Models/ModelsForShip/Pulley/Pulley_Pulley_BaseColor.uasset" 64
"K:/RIGPAR/RAS Project/RAS_Trainer V1/Content/Models/ModelsForShip/Pulley/Mat_Pulley.uasset" 65
"K:/RIGPAR/RAS Project/RAS_Trainer V1/Content/Models/ModelsForShip/Pulley/Pulley.uasset" 66
"K:/RIGPAR/RAS Project/RAS_Trainer V1/Content/Models/ModelsForShip/Right_Anglged/Right_Anlged_Pipe_Texture_OcclusionRoughnessMetallic.uasset" 67
"K:/RIGPAR/RAS Project/RAS_Trainer V1/Content/Models/ModelsForShip/Right_Anglged/Right_Anlged_Pipe_Texture_Normal.uasset" 68
"K:/RIGPAR/RAS Project/RAS_Trainer V1/Content/Models/ModelsForShip/Right_Anglged/Right_Anlged_Pipe_Texture_BaseColor.uasset" 69
"K:/RIGPAR/RAS Project/RAS_Trainer V1/Content/Models/ModelsForShip/Right_Anglged/Mat_Right_Angled_Pipe.uasset" 70
"K:/RIGPAR/RAS Project/RAS_Trainer V1/Content/Models/ModelsForShip/Right_Anglged/Right_Anlged_Pipe.uasset" 71
"K:/RIGPAR/RAS Project/RAS_Trainer V1/Content/Models/ModelsForShip/WheelieBin/WheelieBin_Material_OcclusionRoughnessMetallic.uasset" 72
"K:/RIGPAR/RAS Project/RAS_Trainer V1/Content/Models/ModelsForShip/WheelieBin/WheelieBin_Material_Normal.uasset" 73
"K:/RIGPAR/RAS Project/RAS_Trainer V1/Content/Models/ModelsForShip/WheelieBin/WheelieBin_Material_BaseColor.uasset" 74
"K:/RIGPAR/RAS Project/RAS_Trainer V1/Content/Models/ModelsForShip/WheelieBin/Mat_WheelieBin.uasset" 75
"K:/RIGPAR/RAS Project/RAS_Trainer V1/Content/Models/ModelsForShip/WheelieBin/WheelieBin.uasset" 76
"K:/RIGPAR/RAS Project/RAS_Trainer V1/Content/Models/ModelsForShip/Winch/Winch_Winch_OcclusionRoughnessMetallic.uasset" 77
"K:/RIGPAR/RAS Project/RAS_Trainer V1/Content/Models/ModelsForShip/Winch/Winch_Winch_Normal.uasset" 78
"K:/RIGPAR/RAS Project/RAS_Trainer V1/Content/Models/ModelsForShip/Winch/Winch_Winch_BaseColor.uasset" 79
"K:/RIGPAR/RAS Project/RAS_Trainer V1/Content/Models/ModelsForShip/Winch/Mat_Winch.uasset" 80
"K:/RIGPAR/RAS Project/RAS_Trainer V1/Content/Models/ModelsForShip/Winch/Winch.uasset" 81
"K:/RIGPAR/RAS Project/RAS_Trainer V1/Content/Models/ModelsForShip/Winch_Box/Winch_Box_Texture_OcclusionRoughnessMetallic.uasset" 82
"K:/RIGPAR/RAS Project/RAS_Trainer V1/Content/Models/ModelsForShip/Winch_Box/Winch_Box_Texture_Normal.uasset" 83
"K:/RIGPAR/RAS Project/RAS_Trainer V1/Content/Models/ModelsForShip/Winch_Box/Winch_Box_Texture_BaseColor.uasset" 84
"K:/RIGPAR/RAS Project/RAS_Trainer V1/Content/Models/ModelsForShip/Winch_Box/Mat_Winch_Box.uasset" 85
"K:/RIGPAR/RAS Project/RAS_Trainer V1/Content/Models/ModelsForShip/Winch_Box/Winch_Box.uasset" 86
"K:/RIGPAR/RAS Project/RAS_Trainer V1/Content/Models/ModelsForShip/Block/Block_Texture_OcclusionRoughnessMetallic.uasset" 87
"K:/RIGPAR/RAS Project/RAS_Trainer V1/Content/Models/ModelsForShip/Block/Block_Texture_Normal.uasset" 88
"K:/RIGPAR/RAS Project/RAS_Trainer V1/Content/Models/ModelsForShip/Block/Block_Texture_BaseColor.uasset" 89
"K:/RIGPAR/RAS Project/RAS_Trainer V1/Content/Models/ModelsForShip/Block/Mat_Block.uasset" 90
"K:/RIGPAR/RAS Project/RAS_Trainer V1/Content/Models/ModelsForShip/Block/Block.uasset" 91
"K:/RIGPAR/RAS Project/RAS_Trainer V1/Content/Models/ModelsForShip/Bucket/Bucket_001_Texture_OcclusionRoughnessMetallic.uasset" 92
"K:/RIGPAR/RAS Project/RAS_Trainer V1/Content/Models/ModelsForShip/Bucket/Bucket_001_Texture_Normal.uasset" 93
"K:/RIGPAR/RAS Project/RAS_Trainer V1/Content/Models/ModelsForShip/Bucket/Bucket_001_Texture_BaseColor.uasset" 94
"K:/RIGPAR/RAS Project/RAS_Trainer V1/Content/Models/ModelsForShip/Bucket/Mat_Bucket.uasset" 95
"K:/RIGPAR/RAS Project/RAS_Trainer V1/Content/Models/ModelsForShip/Bucket/Bucket_001.uasset" 96
"K:/RIGPAR/RAS Project/RAS_Trainer V1/Content/Models/ModelsForShip/ConnectingPipe/Connecting_Pipe_Texture_OcclusionRoughnessMetallic.uasset" 97
"K:/RIGPAR/RAS Project/RAS_Trainer V1/Content/Models/ModelsForShip/ConnectingPipe/Connecting_Pipe_Texture_Normal.uasset" 98
"K:/RIGPAR/RAS Project/RAS_Trainer V1/Content/Models/ModelsForShip/ConnectingPipe/Connecting_Pipe_Texture_BaseColor.uasset" 99
"K:/RIGPAR/RAS Project/RAS_Trainer V1/Content/Models/ModelsForShip/ConnectingPipe/ConnectingPipe_M.uasset" 100
"K:/RIGPAR/RAS Project/RAS_Trainer V1/Content/Models/ModelsForShip/ConnectingPipe/Connecting_Pipe.uasset" 101
"K:/RIGPAR/RAS Project/RAS_Trainer V1/Content/Models/ModelsForShip/Control_Panel/Control_Panel_Control_Panel_OcclusionRoughnessMetallic.uasset" 102
"K:/RIGPAR/RAS Project/RAS_Trainer V1/Content/Models/ModelsForShip/Control_Panel/Control_Panel_Control_Panel_Normal.uasset" 103
"K:/RIGPAR/RAS Project/RAS_Trainer V1/Content/Models/ModelsForShip/Control_Panel/Control_Panel_Control_Panel_BaseColor.uasset" 104
"K:/RIGPAR/RAS Project/RAS_Trainer V1/Content/Models/ModelsForShip/Control_Panel/Mat_COntrol_Panel.uasset" 105
"K:/RIGPAR/RAS Project/RAS_Trainer V1/Content/Models/ModelsForShip/Control_Panel/Control_Panel.uasset" 106
"K:/RIGPAR/RAS Project/RAS_Trainer V1/Content/Models/Type45/Textures/T45_Rebuild_Walls_OcclusionRoughnessMetallic.uasset" 107
"K:/RIGPAR/RAS Project/RAS_Trainer V1/Content/Models/Type45/Textures/T45_Rebuild_Walls_Normal.uasset" 108
"K:/RIGPAR/RAS Project/RAS_Trainer V1/Content/Models/Type45/Textures/T45_Rebuild_Walls_BaseColor.uasset" 109
"K:/RIGPAR/RAS Project/RAS_Trainer V1/Content/Models/Type45/Materials/Walls.uasset" 110
"K:/RIGPAR/RAS Project/RAS_Trainer V1/Content/Models/Type45/Textures/T45_Rebuild_Rebuild_OcclusionRoughnessMetallic.uasset" 111
"K:/RIGPAR/RAS Project/RAS_Trainer V1/Content/Models/Type45/Textures/T45_Rebuild_Rebuild_Normal.uasset" 112
"K:/RIGPAR/RAS Project/RAS_Trainer V1/Content/Models/Type45/Textures/T45_Rebuild_Rebuild_BaseColor.uasset" 113
"K:/RIGPAR/RAS Project/RAS_Trainer V1/Content/Models/Type45/Materials/Rebuild.uasset" 114
"K:/RIGPAR/RAS Project/RAS_Trainer V1/Content/Models/Type45/Textures/T45_Rebuild_Pulley_OcclusionRoughnessMetallic.uasset" 115
"K:/RIGPAR/RAS Project/RAS_Trainer V1/Content/Models/Type45/Textures/T45_Rebuild_Pulley_Normal.uasset" 116
"K:/RIGPAR/RAS Project/RAS_Trainer V1/Content/Models/Type45/Textures/T45_Rebuild_Pulley_BaseColor.uasset" 117
"K:/RIGPAR/RAS Project/RAS_Trainer V1/Content/Models/Type45/Materials/Pulley.uasset" 118
"K:/RIGPAR/RAS Project/RAS_Trainer V1/Content/Models/Type45/Textures/T45_Rebuild_Floor_OcclusionRoughnessMetallic.uasset" 119
"K:/RIGPAR/RAS Project/RAS_Trainer V1/Content/Models/Type45/Textures/T45_Rebuild_Floor_Normal.uasset" 120
"K:/RIGPAR/RAS Project/RAS_Trainer V1/Content/Models/Type45/Textures/T45_Rebuild_Floor_BaseColor.uasset" 121
"K:/RIGPAR/RAS Project/RAS_Trainer V1/Content/Models/Type45/Materials/Floor.uasset" 122
"K:/RIGPAR/RAS Project/RAS_Trainer V1/Content/Models/Type45/Textures/T45_Rebuild_Doors_OcclusionRoughnessMetallic.uasset" 123
"K:/RIGPAR/RAS Project/RAS_Trainer V1/Content/Models/Type45/Textures/T45_Rebuild_Doors_Normal.uasset" 124
"K:/RIGPAR/RAS Project/RAS_Trainer V1/Content/Models/Type45/Textures/T45_Rebuild_Doors_BaseColor.uasset" 125
"K:/RIGPAR/RAS Project/RAS_Trainer V1/Content/Models/Type45/Materials/Doors.uasset" 126
"K:/RIGPAR/RAS Project/RAS_Trainer V1/Content/Models/Type45/Textures/T45_Rebuild_AddOns_OcclusionRoughnessMetallic.uasset" 127
"K:/RIGPAR/RAS Project/RAS_Trainer V1/Content/Models/Type45/Textures/T45_Rebuild_AddOns_Normal.uasset" 128
"K:/RIGPAR/RAS Project/RAS_Trainer V1/Content/Models/Type45/Textures/T45_Rebuild_AddOns_BaseColor.uasset" 129
"K:/RIGPAR/RAS Project/RAS_Trainer V1/Content/Models/Type45/Materials/AddOns.uasset" 130
"K:/RIGPAR/RAS Project/RAS_Trainer V1/Content/Models/Type45/T45_RebuildNewCollisions__1_.uasset" 131
"../../../Engine/Content/Functions/Engine_MaterialFunctions01/Opacity/CameraDepthFade.uasset" 132
"../../../Engine/Content/EngineMaterials/T_Default_Material_Grid_N.uasset" 133
"../../../Engine/Content/EngineMaterials/T_Default_Material_Grid_M.uasset" 134
"../../../Engine/Content/EngineMaterials/WorldGridMaterial.uasset" 135
"../../../Engine/Content/BasicShapes/Cube.uasset" 136
"../../../Engine/Content/BasicShapes/BasicShapeMaterial.uasset" 137
"K:/RIGPAR/RAS Project/RAS_Trainer V1/Content/Models/Ship.uasset" 138
"K:/RIGPAR/RAS Project/RAS_Trainer V1/Content/Blueprints/Ladder.uasset" 139
"K:/RIGPAR/RAS Project/RAS_Trainer V1/Content/Player/BP_StandardCharacter.uasset" 140
"K:/RIGPAR/RAS Project/RAS_Trainer V1/Content/Player/BasePlayerController.uasset" 141
"K:/RIGPAR/RAS Project/RAS_Trainer V1/Content/Blueprints/NetworkingTestGameMode.uasset" 142
"K:/RIGPAR/RAS Project/RAS_Trainer V1/Content/UI/LoadingScreen.uasset" 143
"../../../Engine/Content/ArtTools/RenderToTexture/Meshes/S_1_Unit_Plane.uasset" 144
"../../../Engine/Content/EngineMaterials/DefaultMaterial.uasset" 145
"../../../Engine/Content/BasicShapes/Cone.uasset" 146
"../../../Engine/Content/EditorLandscapeResources/DataLayer.uasset" 147
"../../../Engine/Content/EditorLandscapeResources/DefaultAlphaTexture.uasset" 148
"../../../Engine/Content/EditorMaterials/MAT_Groups_Toggle.uasset" 149
"../../../Engine/Content/EditorMaterials/MAT_Groups_Visibility.uasset" 150
"../../../Engine/Content/EditorMaterials/PreviewShadowIndicator.uasset" 151
"../../../Engine/Content/EditorMaterials/PreviewShadowIndicatorMaterial.uasset" 152
"../../../Engine/Content/EditorMaterials/MatineeGroups/MAT_ColorTrack.uasset" 153
"../../../Engine/Content/EditorMaterials/MatineeGroups/MAT_Groups_Anim.uasset" 154
"../../../Engine/Content/EditorMaterials/MatineeGroups/MAT_Groups_AudioMaster.uasset" 155
"../../../Engine/Content/EditorMaterials/MatineeGroups/MAT_Groups_Director.uasset" 156
"../../../Engine/Content/EditorMaterials/MatineeGroups/MAT_Groups_Event.uasset" 157
"../../../Engine/Content/EditorMaterials/MatineeGroups/MAT_Groups_Fade.uasset" 158
"../../../Engine/Content/EditorMaterials/MatineeGroups/MAT_Groups_Float.uasset" 159
"../../../Engine/Content/EditorMaterials/MatineeGroups/MAT_Groups_Move.uasset" 160
"../../../Engine/Content/EditorMaterials/MatineeGroups/MAT_Groups_Slomo.uasset" 161
"../../../Engine/Content/EditorMaterials/MatineeGroups/MAT_Groups_Sound.uasset" 162
"../../../Engine/Content/EditorMaterials/MatineeGroups/MAT_Groups_Vector.uasset" 163
"../../../Engine/Content/EditorMaterials/ParticleSystems/PSysThumbnail_NoImage.uasset" 164
"../../../Engine/Content/EditorMaterials/ParticleSystems/PSysThumbnail_OOD.uasset" 165
"../../../Engine/Content/EditorMaterials/Camera/CineMat.uasset" 166
"../../../Engine/Content/EditorMaterials/Camera/MI_CineMat_Rig.uasset" 167
"../../../Engine/Content/EditorMeshes/Camera/SM_CraneRig_Arm.uasset" 168
"../../../Engine/Content/EditorMeshes/Camera/SM_CraneRig_Base.uasset" 169
"../../../Engine/Content/EditorMeshes/Camera/SM_CraneRig_Body.uasset" 170
"../../../Engine/Content/EditorMeshes/Camera/SM_CraneRig_Mount.uasset" 171
"../../../Engine/Content/EditorMeshes/Camera/SM_RailRig_Mount.uasset" 172
"../../../Engine/Content/EditorMeshes/Camera/SM_RailRig_Track.uasset" 173
"../../../Engine/Content/EditorResources/BSPVertex.uasset" 174
"../../../Engine/Content/EditorResources/EmptyActor.uasset" 175
"../../../Engine/Content/EditorResources/S_Actor.uasset" 176
"../../../Engine/Content/EditorResources/S_KBSJoint.uasset" 177
"../../../Engine/Content/EditorResources/S_Note.uasset" 178
"../../../Engine/Content/EditorResources/S_Solver.uasset" 179
"../../../Engine/Content/EditorResources/S_Terrain.uasset" 180
"../../../Engine/Content/EditorResources/S_Trigger.uasset" 181
"../../../Engine/Content/EditorResources/AudioIcons/S_AudioComponent_AutoActivate.uasset" 182
"../../../Engine/Content/EditorResources/LightIcons/S_LightError.uasset" 183
"../../../Engine/Content/EditorResources/SequenceRecorder/Countdown.uasset" 184
"../../../Engine/Content/EditorResources/SequenceRecorder/RecordingIndicator.uasset" 185
"../../../Engine/Content/EngineDamageTypes/DmgTypeBP_Environmental.uasset" 186
"../../../Engine/Content/EngineDebugMaterials/DebugEditorMaterial.uasset" 187
"../../../Engine/Content/EngineDebugMaterials/DebugMeshMaterial.uasset" 188
"../../../Engine/Content/EngineDebugMaterials/M_SimpleUnlitTranslucent.uasset" 189
"../../../Engine/Content/EngineDebugMaterials/VolumeToRender.uasset" 190
"../../../Engine/Content/Functions/Engine_MaterialFunctions02/Utility/CameraDirectionVector.uasset" 191
"../../../Engine/Content/EngineDebugMaterials/M_VolumeRenderSphereTracePP.uasset" 192
"../../../Engine/Content/Functions/Engine_MaterialFunctions01/Shading/ConvertFromDiffSpec.uasset" 193
"../../../Engine/Content/EngineDebugMaterials/VertexColorMaterial.uasset" 194
"../../../Engine/Content/EngineDebugMaterials/WireframeMaterial.uasset" 195
"../../../Engine/Content/EngineFonts/Faces/RobotoRegular.uasset" 196
"../../../Engine/Content/EngineFonts/Faces/RobotoLight.uasset" 197
"../../../Engine/Content/EngineFonts/Faces/RobotoItalic.uasset" 198
"../../../Engine/Content/EngineFonts/Faces/RobotoBoldItalic.uasset" 199
"../../../Engine/Content/EngineFonts/Faces/RobotoBold.uasset" 200
"../../../Engine/Content/EngineFonts/Faces/DroidSansFallback.uasset" 201
"../../../Engine/Content/EngineFonts/Roboto.uasset" 202
"../../../Engine/Content/EngineMaterials/BaseFlattenNormalMap.uasset" 203
"../../../Engine/Content/EngineMaterials/BaseFlattenGrayscaleMap.uasset" 204
"../../../Engine/Content/EngineMaterials/BaseFlattenEmissiveMap.uasset" 205
"../../../Engine/Content/EngineMaterials/BaseFlattenDiffuseMap.uasset" 206
"../../../Engine/Content/EngineMaterials/BaseFlattenMaterial.uasset" 207
"../../../Engine/Content/EngineMaterials/BlueNoise.uasset" 208
"../../../Engine/Content/EngineMaterials/DefaultBloomKernel.uasset" 209
"../../../Engine/Content/EngineMaterials/DefaultBokeh.uasset" 210
"../../../Engine/Content/EngineMaterials/DefaultDiffuse.uasset" 211
"../../../Engine/Content/EngineMaterials/DefaultDeferredDecalMaterial.uasset" 212
"../../../Engine/Content/EngineMaterials/DefaultLightFunctionMaterial.uasset" 213
"../../../Engine/Content/Functions/Engine_MaterialFunctions02/Utility/BreakOutFloat2Components.uasset" 214
"../../../Engine/Content/EngineMaterials/DefaultPostProcessMaterial.uasset" 215
"../../../Engine/Content/EngineFonts/RobotoDistanceField.uasset" 216
"../../../Engine/Content/EngineMaterials/DefaultTextMaterialOpaque.uasset" 217
"../../../Engine/Content/EngineMaterials/DefaultWhiteGrid.uasset" 218
"../../../Engine/Content/EngineMaterials/DefaultWhiteGrid_Low.uasset" 219
"../../../Engine/Content/EngineMaterials/EmissiveMeshMaterial.uasset" 220
"../../../Engine/Content/EngineMaterials/GizmoMaterial.uasset" 221
"../../../Engine/Content/EngineMaterials/Good64x64TilingNoiseHighFreq.uasset" 222
"../../../Engine/Content/EngineMaterials/MiniFont.uasset" 223
"../../../Engine/Content/EngineMaterials/InvalidLightmapSettings.uasset" 224
"../../../Engine/Content/EngineMaterials/M_InvalidLightmapSettings.uasset" 225
"../../../Engine/Content/Functions/Engine_MaterialFunctions02/WorldPositionOffset/CameraOffset.uasset" 226
"../../../Engine/Content/EngineMaterials/PhAT_JointLimitMaterial.uasset" 227
"../../../Engine/Content/EngineMaterials/PreintegratedSkinBRDF.uasset" 228
"../../../Engine/Content/EngineMaterials/RemoveSurfaceMaterial.uasset" 229
"../../../Engine/Content/EngineMaterials/WeightMapPlaceholderTexture.uasset" 230
"../../../Engine/Content/EngineResources/WhiteSquareTexture.uasset" 231
"../../../Engine/Content/EngineMaterials/Widget3DPassThrough.uasset" 232
"../../../Engine/Content/EngineMaterials/Widget3DPassThrough_Masked.uasset" 233
"../../../Engine/Content/EngineMaterials/Widget3DPassThrough_Opaque.uasset" 234
"../../../Engine/Content/EngineMaterials/Widget3DPassThrough_Masked_OneSided.uasset" 235
"../../../Engine/Content/EngineMaterials/Widget3DPassThrough_Opaque_OneSided.uasset" 236
"../../../Engine/Content/EngineMaterials/Widget3DPassThrough_Translucent.uasset" 237
"../../../Engine/Content/EngineMaterials/Widget3DPassThrough_Translucent_OneSided.uasset" 238
"../../../Engine/Content/EngineMeshes/Cylinder.uasset" 239
"../../../Engine/Content/EngineMeshes/Sphere.uasset" 240
"../../../Engine/Content/EngineResources/DefaultTextureCube.uasset" 241
"../../../Engine/Content/EngineResources/DefaultVolumeTexture2D.uasset" 242
"../../../Engine/Content/EngineResources/DefaultVolumeTexture.uasset" 243
"../../../Engine/Content/EngineResources/GradientTexture0.uasset" 244
"../../../Engine/Content/EngineSky/VolumetricClouds/T_NoiseShape64.uasset" 245
"../../../Engine/Content/EngineSky/VolumetricClouds/T_VolumeNoiseShape64.uasset" 246
"../../../Engine/Content/EngineSky/VolumetricClouds/T_NoiseErosion.uasset" 247
"../../../Engine/Content/EngineSky/VolumetricClouds/T_VolumeNoiseErosion32.uasset" 248
"../../../Engine/Content/EngineSky/VolumetricClouds/CloudWeatherTexture.uasset" 249
"../../../Engine/Content/EngineSky/VolumetricClouds/CloudGradientTexture.uasset" 250
"../../../Engine/Content/Functions/Engine_MaterialFunctions02/Utility/MakeFloat2.uasset" 251
"../../../Engine/Content/EngineSky/VolumetricClouds/m_SimpleVolumetricCloud.uasset" 252
"../../../Engine/Content/EngineSky/VolumetricClouds/m_SimpleVolumetricCloud_Inst.uasset" 253
"../../../Engine/Content/EngineSounds/Master.uasset" 254
"../../../Engine/Content/Functions/Engine_MaterialFunctions01/Shading/PowerToRoughness.uasset" 255
"../../../Engine/Content/Maps/Templates/Thumbnails/Default.uasset" 256
"../../../Engine/Content/Maps/Templates/Thumbnails/TimeOfDay.uasset" 257
"../../../Engine/Content/Maps/Templates/Thumbnails/VR-Basic.uasset" 258
"../../../Engine/Content/MobileResources/T_MobileControls_texture.uasset" 259
"../../../Engine/Content/MobileResources/T_MobileMenu2.uasset" 260
"../../../Engine/Content/MobileResources/HUD/AnalogHat.uasset" 261
"../../../Engine/Content/MobileResources/HUD/VirtualJoystick_Thumb.uasset" 262
"../../../Engine/Content/MobileResources/HUD/VirtualJoystick_Background.uasset" 263
"../../../Engine/Content/MobileResources/HUD/DefaultVirtualJoysticks.uasset" 264
"../../../Engine/Content/MobileResources/HUD/LeftVirtualJoystickOnly.uasset" 265
"../../../Engine/Content/MobileResources/HUD/MobileHUDButton1_off.uasset" 266
"../../../Engine/Content/MobileResources/HUD/MobileHUDButton1_on.uasset" 267
"../../../Engine/Content/MobileResources/HUD/MobileHUDButton2_off.uasset" 268
"../../../Engine/Content/MobileResources/HUD/MobileHUDButton2_on.uasset" 269
"../../../Engine/Content/MobileResources/HUD/MobileHUDButton3.uasset" 270
"../../../Engine/Content/MobileResources/HUD/MobileHUDButtonFire.uasset" 271
"../../../Engine/Content/MobileResources/HUD/MobileHUDDirectionPad.uasset" 272
"../../../Engine/Content/MobileResources/HUD/MobileHUDDirectionPad2.uasset" 273
"../../../Engine/Content/MobileResources/HUD/MobileHUDDirectionPad3.uasset" 274
"../../../Engine/Content/MobileResources/HUD/MobileHUDDirectionStick.uasset" 275
"../../../Engine/Content/MobileResources/HUD/T_Castle_ThumbstickInner.uasset" 276
"../../../Engine/Content/MobileResources/HUD/T_Castle_ThumbstickOutter.uasset" 277
"../../../Engine/Content/Tutorial/ContentIntroCurve.uasset" 278
"../../../Engine/Content/Tutorial/Basics/LevelEditorAttract.uasset" 279
"../../../Engine/Content/VREditor/TransformGizmo/TranslucentTransformGizmoMaterial.uasset" 280
"../../../Engine/Content/VREditor/LaserPointer/VR_LaserPower_01.uasset" 281
"../../../Engine/Content/VREditor/TransformGizmo/TransformGizmoMaterial.uasset" 282
"../../../Engine/Content/VREditor/TransformGizmo/BoundingBoxCorner.uasset" 283
"../../../Engine/Content/VREditor/TransformGizmo/BoundingBoxEdge.uasset" 284
"../../../Engine/Content/VREditor/TransformGizmo/PlaneTranslationHandle.uasset" 285
"../../../Engine/Content/VREditor/TransformGizmo/Xray.uasset" 286
"../../../Engine/Content/VREditor/TransformGizmo/Main.uasset" 287
"../../../Engine/Content/VREditor/TransformGizmo/SM_Sequencer_Key.uasset" 288
"../../../Engine/Content/VREditor/TransformGizmo/SM_Sequencer_Node.uasset" 289
"../../Plugins/2D/Paper2D/Content/PlaceholderTextures/DummySpriteTexture.uasset" 290
"../../Plugins/2D/Paper2D/Content/DummySprite.uasset" 291
"../../Plugins/2D/Paper2D/Content/DefaultPaperTerrainMaterial.uasset" 292
"../../Plugins/2D/Paper2D/Content/DefaultSpriteMaterial.uasset" 293
"../../Plugins/2D/Paper2D/Content/MaskedUnlitSpriteMaterial.uasset" 294
"../../Plugins/2D/Paper2D/Content/OpaqueUnlitSpriteMaterial.uasset" 295
"../../../Engine/Content/Functions/Engine_MaterialFunctions02/Utility/BreakOutFloat3Components.uasset" 296
"../../Plugins/Editor/SpeedTreeImporter/Content/SpeedTree9/UnpackInteger3.uasset" 297
"../../Plugins/Editor/SpeedTreeImporter/Content/SpeedTree9/UnpackDirection.uasset" 298
"../../Plugins/Editor/SpeedTreeImporter/Content/SpeedTree9/game_wind_noise.uasset" 299
"../../../Engine/Content/Functions/Engine_MaterialFunctions02/SafeNormalize.uasset" 300
"../../Plugins/Editor/SpeedTreeImporter/Content/SpeedTree9/SpeedTreeWindMotion.uasset" 301
"../../Plugins/Editor/SpeedTreeImporter/Content/SpeedTree9/SpeedTreeBranchMotion.uasset" 302
"../../../Engine/Content/Functions/Engine_MaterialFunctions02/ObjectLocalBounds.uasset" 303
"../../../Engine/Content/Functions/Engine_MaterialFunctions02/UVs/BoundingBoxBased_0-1_UVW.uasset" 304
"../../Plugins/Editor/SpeedTreeImporter/Content/SpeedTree9/SpeedTreeWind.uasset" 305
"../../Plugins/Editor/SpeedTreeImporter/Content/SpeedTree9/SpeedTreeBillboard.uasset" 306
"../../../Engine/Content/EngineResources/DefaultTexture.uasset" 307
"../../Plugins/Editor/SpeedTreeImporter/Content/SpeedTree9/SpeedTreeBillboardMaster.uasset" 308
"../../Plugins/Editor/SpeedTreeImporter/Content/SpeedTree9/SpeedTreeCameraFacing.uasset" 309
"../../Plugins/Editor/SpeedTreeImporter/Content/SpeedTree9/SpeedTreeMaster.uasset" 310
"../../Plugins/Experimental/Water/Content/Curves/FloatCurve_WaterBodyIsland.uasset" 311
"../../Plugins/Experimental/Water/Content/Icons/WaterBodyOceanSprite.uasset" 312
"../../Plugins/Experimental/Water/Content/Icons/WaterSprite.uasset" 313
"../../Plugins/Experimental/Water/Content/Meshes/LakeMesh.uasset" 314
"../../Plugins/Experimental/Water/Content/Meshes/RiverMesh.uasset" 315
"../../Plugins/Experimental/Water/Content/Waves/GerstnerWaves_Lake.uasset" 316
"../../../Engine/Content/ArtTools/RenderToTexture/Materials/Debug/M_Emissive_Color.uasset" 317
"../../../Engine/Content/BasicShapes/Cylinder.uasset" 318
"../../Plugins/Lumin/MagicLeapPassableWorld/Content/MagicLeapARPinInfoActor.uasset" 319
"../../../Engine/Content/Functions/Engine_MaterialFunctions02/Utility/BreakOutFloat4Components.uasset" 320
"../../../Engine/Content/Functions/Engine_MaterialFunctions02/Utility/MakeFloat3.uasset" 321
"../../Plugins/Runtime/Oculus/OculusVR/Content/Materials/OculusMR_ChromaKey.uasset" 322
"../../Plugins/Runtime/Oculus/OculusVR/Content/Materials/OculusMR_OpaqueColoredMaterial.uasset" 323
"../../Plugins/Runtime/Oculus/OculusVR/Content/Materials/PokeAHoleMaterial.uasset" 324
"K:/RIGPAR/RAS Project/RAS_Trainer V1/Content/UI/NewUI/TimeSettings.uasset" 325
"K:/RIGPAR/RAS Project/RAS_Trainer V1/Content/UI/NewUI/StartOptions.uasset" 326
"K:/RIGPAR/RAS Project/RAS_Trainer V1/Content/UI/NewUI/MainOptions.uasset" 327
"K:/RIGPAR/RAS Project/RAS_Trainer V1/Content/UI/NewUI/Quit.uasset" 328
"K:/RIGPAR/RAS Project/RAS_Trainer V1/Content/UI/NewUI/InGameOptions.uasset" 329
"K:/RIGPAR/RAS Project/RAS_Trainer V1/Content/UI/NewUI/Controls.uasset" 330
"K:/RIGPAR/RAS Project/RAS_Trainer V1/Content/UI/NewUI/InGamePause.uasset" 331
"K:/RIGPAR/RAS Project/RAS_Trainer V1/Content/UI/NewUI/Options.uasset" 332
"K:/RIGPAR/RAS Project/RAS_Trainer V1/Content/UI/NewUI/MainUI.uasset" 333
"K:/RIGPAR/RAS Project/RAS_Trainer V1/Content/Sound/Ocean_Loop.uasset" 334
"../../../Engine/Content/BasicShapes/Plane.uasset" 335
"K:/RIGPAR/RAS Project/RAS_Trainer V1/Content/Ocean/T_Water_N.uasset" 336
"K:/RIGPAR/RAS Project/RAS_Trainer V1/Content/Ocean/T_Water_M.uasset" 337
"K:/RIGPAR/RAS Project/RAS_Trainer V1/Content/Ocean/T_Perlin_Noise_M.uasset" 338
"../../../Engine/Content/Functions/Engine_MaterialFunctions02/Utility/BlendAngleCorrectedNormals.uasset" 339
"K:/RIGPAR/RAS Project/RAS_Trainer V1/Content/Ocean/M_Water_Ocean.uasset" 340
"K:/RIGPAR/RAS Project/RAS_Trainer V1/Content/Ocean/M_Water_Ocean_Inst.uasset" 341
"K:/RIGPAR/RAS Project/RAS_Trainer V1/Content/Maps/NetworkingTest_BuiltData.uasset" 342
"K:/RIGPAR/RAS Project/RAS_Trainer V1/Content/Models/Rope/PM_Rope2.uasset" 343
"K:/RIGPAR/RAS Project/RAS_Trainer V1/Content/Models/Rope/New60mRope/RopeUnreal2_PhysicsAsset.uasset" 344
"K:/RIGPAR/RAS Project/RAS_Trainer V1/Content/Models/Rope/New60mRope/RopeUnreal2_Skeleton.uasset" 345
"K:/RIGPAR/RAS Project/RAS_Trainer V1/Content/Models/Rope/New60mRope/RopeMaterial.uasset" 346
"K:/RIGPAR/RAS Project/RAS_Trainer V1/Content/Models/Rope/New60mRope/RopeUnreal2.uasset" 347
"../../../Engine/Content/EditorBlueprintResources/ActorMacros.uasset" 348
"K:/RIGPAR/RAS Project/RAS_Trainer V1/Content/Models/Rope/New60mRope/RopeUnreal2_PhysicsAsset_Blueprint.uasset" 349
"K:/RIGPAR/RAS Project/RAS_Trainer V1/Content/Blueprints/MainUiGameMode.uasset" 350
"K:/RIGPAR/RAS Project/RAS_Trainer V1/Content/Blueprints/LobyController.uasset" 351
"K:/RIGPAR/RAS Project/RAS_Trainer V1/Content/UI/Ui.uasset" 352
"../../../Engine/Content/EngineSky/T_Sky_Stars.uasset" 353
"../../../Engine/Content/EngineSky/T_Sky_Clouds_M.uasset" 354
"../../../Engine/Content/EngineSky/T_Sky_Blue.uasset" 355
"../../../Engine/Content/EngineSky/M_Sky_Panning_Clouds2.uasset" 356
"../../../Engine/Content/EngineSky/SM_SkySphere.uasset" 357
"../../../Engine/Content/EngineSky/C_Sky_Zenith_Color.uasset" 358
"../../../Engine/Content/EngineSky/C_Sky_Horizon_Color.uasset" 359
"../../../Engine/Content/EngineSky/C_Sky_Cloud_Color.uasset" 360
"../../../Engine/Content/EngineSky/BP_Sky_Sphere.uasset" 361
"K:/RIGPAR/RAS Project/RAS_Trainer V1/Content/Maps/NetworkingTest.umap" 362
"K:/RIGPAR/RAS Project/RAS_Trainer V1/Content/Maps/OceanDay_BuiltData.uasset" 363
"../../Plugins/Experimental/Water/Content/Waves/GerstnerWaves_Ocean.uasset" 364
"K:/RIGPAR/RAS Project/RAS_Trainer V1/Content/UI/NewUI/LoadingScreen.uasset" 365
"K:/RIGPAR/RAS Project/RAS_Trainer V1/Content/Sound/Ocea_2_Loop.uasset" 366
"K:/RIGPAR/RAS Project/RAS_Trainer V1/Content/Sound/Engine_Loop.uasset" 367
"../../../Engine/Content/EngineMaterials/DefaultPhysicalMaterial.uasset" 368
"../../Plugins/Experimental/Water/Content/Textures/Normals/T_Water_TilingNormal_With_Height_02_Softened.uasset" 369
"../../Plugins/Experimental/Water/Content/Textures/Foam/T_WaterFlow_01_Foam_Tiled_N.uasset" 370
"../../Plugins/Experimental/Water/Content/Textures/Foam/T_WaterFlow_01_Foam_Tiled.uasset" 371
"../../Plugins/Experimental/Water/Content/FluidSimulation/WaveFoam/WaterDistanceField.uasset" 372
"../../Plugins/Experimental/Water/Content/FluidSimulation/WaveFoam/FoamRT.uasset" 373
"../../../Engine/Content/Functions/Engine_MaterialFunctions02/PivotPainter2/Black_1x1_EXR_Texture.uasset" 374
"../../../Engine/Content/Functions/Engine_MaterialFunctions02/ExampleContent/Textures/water_d.uasset" 375
"../../../Engine/Content/Functions/Engine_MaterialFunctions02/ExampleContent/Textures/LowResBlurredNoise.uasset" 376
"../../../Engine/Content/EngineSky/VolumetricClouds/T_NoiseShape.uasset" 377
"../../../Engine/Content/EngineSky/VolumetricClouds/T_VolumeNoiseShape128.uasset" 378
"../../../Engine/Content/EngineResources/Black.uasset" 379
"../../../Engine/Content/EngineMaterials/DefaultNormal.uasset" 380
"../../Plugins/Experimental/Water/Content/Materials/Functions/HighQualityTextureFiltering.uasset" 381
"../../Plugins/Experimental/Water/Content/Materials/MPC/MPC_Water.uasset" 382
"../../Plugins/Experimental/Water/Content/Materials/Functions/WaterBodyData.uasset" 383
"../../../Engine/Content/Functions/Engine_MaterialFunctions03/Procedurals/NormalFromHeightmap.uasset" 384
"../../../Engine/Content/Functions/Engine_MaterialFunctions02/Utility/VectorLength.uasset" 385
"../../../Engine/Content/Functions/Engine_MaterialFunctions01/Gradient/BoxMask-2D.uasset" 386
"../../../Engine/Content/Functions/Engine_MaterialFunctions01/Gradient/LinearGradient.uasset" 387
"../../../Engine/Content/Functions/Engine_MaterialFunctions01/ImageAdjustment/CheapContrast.uasset" 388
"../../../Engine/Content/Functions/Engine_MaterialFunctions02/Texturing/HeightLerp.uasset" 389
"../../Plugins/Experimental/Water/Content/Materials/Layers/BeachFoam.uasset" 390
"../../Plugins/Experimental/Water/Content/Materials/Functions/WaveVelocityMask.uasset" 391
"../../../Engine/Content/Functions/Engine_MaterialFunctions02/Math/AddComponents.uasset" 392
"../../../Engine/Content/Functions/Engine_MaterialFunctions02/Math/MakeVectorsOrthogonal.uasset" 393
"../../../Engine/Content/Functions/Engine_MaterialFunctions02/Utility/LinearSine.uasset" 394
"../../../Engine/Content/Functions/Engine_MaterialFunctions02/Math/TimeWithSpeedVariable.uasset" 395
"../../../Engine/Content/Functions/Engine_MaterialFunctions02/Math/Transform3x3Matrix.uasset" 396
"../../../Engine/Content/Functions/Engine_MaterialFunctions01/Texturing/ComputeMipLevel.uasset" 397
"../../../Engine/Content/Functions/Engine_MaterialFunctions02/Texturing/Flowmaps.uasset" 398
"../../../Engine/Content/Functions/Engine_MaterialFunctions01/Coordinates/WorldPosition-XY.uasset" 399
"../../../Engine/Content/Functions/Engine_MaterialFunctions01/Texturing/FlattenNormal.uasset" 400
"../../../Engine/Content/Functions/Engine_MaterialFunctions02/ExampleContent/Textures/water_n.uasset" 401
"../../Plugins/Experimental/Water/Content/Materials/Functions/WaterRiverFlowmaps.uasset" 402
"../../Plugins/Experimental/Water/Content/Materials/Functions/WaterOpacityMaskFromDepth.uasset" 403
"../../Plugins/Experimental/Water/Content/Materials/Functions/WaterHeightMappingVS.uasset" 404
"../../Plugins/Experimental/Water/Content/Materials/Functions/WaterCoefficientMask.uasset" 405
"../../Plugins/Experimental/Water/Content/FluidSimulation/Materials/Functions/Fluidsim_WorldPosition_to_UV.uasset" 406
"../../../Engine/Content/Functions/Engine_MaterialFunctions01/Opacity/AlphaOffset.uasset" 407
"../../Plugins/Experimental/Water/Content/Materials/Functions/SampleFluidSimulation.uasset" 408
"../../Plugins/Experimental/Water/Content/Materials/Functions/ComputeWavesAttenuationFactor.uasset" 409
"../../Plugins/Experimental/Water/Content/Materials/Functions/WaveDepthFalloff_Overrides.uasset" 410
"../../Plugins/Experimental/Water/Content/Materials/Layers/WaterAttributes.uasset" 411
"../../Plugins/Experimental/Water/Content/Materials/Functions/WaterTextureWaves.uasset" 412
"../../Plugins/Experimental/Water/Content/Materials/Functions/WaterTextureSurface.uasset" 413
"../../Plugins/Experimental/Water/Content/Materials/Functions/Water_Underside.uasset" 414
"../../Plugins/Experimental/Water/Content/Materials/Functions/SetWaveAttributes.uasset" 415
"../../Plugins/Experimental/Water/Content/Materials/Functions/WorldPositionBehindWater.uasset" 416
"../../Plugins/Experimental/Water/Content/Materials/Functions/WorldNormalBehindWater.uasset" 417
"../../Plugins/Experimental/Water/Content/Materials/Functions/GetWaterTime.uasset" 418
"../../Plugins/Experimental/Water/Content/Materials/Functions/ComputeGerstnerWaves.uasset" 419
"../../Plugins/Experimental/Water/Content/Caustics/Materials/Functions/GetDistortionUV.uasset" 420
"../../Plugins/Experimental/Water/Content/Caustics/Materials/Functions/WaterCaustics_GerstnerWaves.uasset" 421
"../../Plugins/Experimental/Landmass/Content/Landscape/BlueprintBrushes/MPC/MPC_Landscape.uasset" 422
"../../Plugins/Experimental/Water/Content/Materials/WaterSurface/Water_Material.uasset" 423
"../../Plugins/Experimental/Water/Content/Materials/WaterSurface/Water_Material_Inst.uasset" 424
"../../Plugins/Experimental/Water/Content/Materials/WaterSurface/Water_Material_Ocean.uasset" 425
"K:/RIGPAR/RAS Project/RAS_Trainer V1/Content/Ocean/Ocean_M.uasset" 426
"K:/RIGPAR/RAS Project/RAS_Trainer V1/Content/Ocean/Ocean_M_Inst.uasset" 427
"../../../Engine/Content/Functions/Engine_MaterialFunctions02/ExampleContent/Textures/DebugNumberPeriod.uasset" 428
"../../../Engine/Content/Functions/Engine_MaterialFunctions02/ExampleContent/DebugNumberStrip.uasset" 429
"../../../Engine/Content/Functions/Engine_MaterialFunctions01/Volumetrics/SchlickPhase.uasset" 430
"../../../Engine/Content/Functions/Engine_MaterialFunctions02/ScreenResolution.uasset" 431
"../../../Engine/Content/Functions/Engine_MaterialFunctions01/Texturing/ScaleUVsByCenter.uasset" 432
"../../../Engine/Content/Functions/Engine_MaterialFunctions02/Texturing/ScreenAlignedUVs.uasset" 433
"../../../Engine/Content/Functions/Engine_MaterialFunctions01/Texturing/TextureCropping.uasset" 434
"../../../Engine/Content/Functions/Engine_MaterialFunctions02/Utility/DebugScalarValues.uasset" 435
"../../Plugins/Experimental/Water/Content/Materials/PostProcessing/M_UnderWater_PostProcess_Volume.uasset" 436
"../../Plugins/Experimental/Landmass/Content/Landscape/Mats/MF/SmoothTerracing.uasset" 437
"../../Plugins/Experimental/Landmass/Content/Landscape/Mats/MF/SmoothIntersections.uasset" 438
"../../../Engine/Content/Functions/Engine_MaterialFunctions02/WorldPositionOffset/GenerateASpline.uasset" 439
"../../../Engine/Content/MapTemplates/TilingNoise05.uasset" 440
"../../Plugins/Experimental/Landmass/Content/Landscape/Mats/MF/CatmullRomTexture.uasset" 441
"../../../Engine/Content/Functions/Engine_MaterialFunctions01/Math/SmoothCeil.uasset" 442
"../../Plugins/Experimental/Landmass/Content/Landscape/Mats/MF/BrushTerracing.uasset" 443
"../../../Engine/Content/Functions/Engine_MaterialFunctions01/ImageAdjustment/SCurve.uasset" 444
"../../Plugins/Experimental/Landmass/Content/Landscape/Mats/MF/BrushDisplaceMask.uasset" 445
"../../Plugins/Experimental/Landmass/Content/Landscape/Mats/MF/BrushBlendModes.uasset" 446
"../../../Engine/Content/EngineResources/Black_Low.uasset" 447
"../../Plugins/Experimental/Landmass/Content/Landscape/Mats/MF/BrushAlphaMask.uasset" 448
"../../Plugins/Experimental/Landmass/Content/Landscape/Mats/MF/UnpackRG8Height.uasset" 449
"../../Plugins/Experimental/Landmass/Content/Landscape/BlueprintBrushes/MF/PointSampleLandscapeUVs.uasset" 450
"../../Plugins/Experimental/Landmass/Content/Landscape/BlueprintBrushes/MF/ReadCachedDistanceField.uasset" 451
"../../Plugins/Experimental/Landmass/Content/Landscape/BlueprintBrushes/MF/PackRG8Height.uasset" 452
"../../Plugins/Experimental/Water/Content/Materials/Brushes/MeshBrush_Width.uasset" 453
"../../Plugins/Experimental/Water/Content/Materials/Brushes/MeshBrush_Weightmap.uasset" 454
"../../Plugins/Experimental/Landmass/Content/Landscape/BlueprintBrushes/MF/BrushBlendModes.uasset" 455
"../../Plugins/Experimental/Landmass/Content/Landscape/Curves/DynamicCurve_RT.uasset" 456
"../../Plugins/Experimental/Water/Content/Materials/Brushes/MeshBrush_Island.uasset" 457
"../../Plugins/Experimental/Landmass/Content/Landscape/BlueprintBrushes/MF/SmoothIntersections.uasset" 458
"../../Plugins/Experimental/Landmass/Content/Landscape/BlueprintBrushes/MF/BrushTerracing.uasset" 459
"../../Plugins/Experimental/Landmass/Content/Landscape/BlueprintBrushes/MF/BrushDisplaceMask.uasset" 460
"../../Plugins/Experimental/Landmass/Content/Landscape/BlueprintBrushes/MF/BrushAlphaMask.uasset" 461
"../../Plugins/Experimental/Water/Content/Materials/Brushes/MeshBrush_Angle.uasset" 462
"../../Plugins/Experimental/Landmass/Content/Landscape/BlueprintBrushes/MF/UnpackRG8Height.uasset" 463
"../../Plugins/Experimental/Water/Content/Materials/Brushes/FinalizeWaterTexture.uasset" 464
"../../Plugins/Experimental/Landmass/Content/Landscape/BlueprintBrushes/MF/LocalizeLandscapeZValue.uasset" 465
"../../Plugins/Experimental/Water/Content/Materials/Brushes/CompositeWaterBodyTexture.uasset" 466
"../../Plugins/Experimental/Water/Content/Materials/Brushes/CanvasDrawing.uasset" 467
"../../../Engine/Content/Functions/Engine_MaterialFunctions02/TangentBasis.uasset" 468
"../../Plugins/Experimental/Landmass/Content/Landscape/BlueprintBrushes/Materials/RenderSplineDepths.uasset" 469
"../../Plugins/Experimental/Landmass/Content/Landscape/Mats/MPC/MPC_Erosion.uasset" 470
"../../Plugins/Experimental/Landmass/Content/Landscape/BlueprintBrushes/MF/SampleDistanceField.uasset" 471
"../../Plugins/Experimental/Landmass/Content/Landscape/BlueprintBrushes/Materials/CacheDistanceField.uasset" 472
"../../Plugins/Experimental/Landmass/Content/DistanceFields/Materials/JumpFloodStep.uasset" 473
"../../Plugins/Experimental/Landmass/Content/Landscape/Textures/LS_Debug_RT_01.uasset" 474
"../../Plugins/Experimental/Landmass/Content/DistanceFields/Materials/BlurEdges.uasset" 475
"../../Plugins/Experimental/Water/Content/Curves/FloatCurve.uasset" 476
"K:/RIGPAR/RAS Project/RAS_Trainer V1/Content/Models/BatSignals/Bat_Signal.uasset" 477
"K:/RIGPAR/RAS Project/RAS_Trainer V1/Content/Models/BatSignals/Textures/Bat_Signal_GreenRed_OcclusionRoughnessMetallic.uasset" 478
"K:/RIGPAR/RAS Project/RAS_Trainer V1/Content/Models/BatSignals/Textures/Bat_Signal_GreenRed_Normal.uasset" 479
"K:/RIGPAR/RAS Project/RAS_Trainer V1/Content/Models/BatSignals/Textures/Bat_Signal_GreenRed_BaseColor.uasset" 480
"K:/RIGPAR/RAS Project/RAS_Trainer V1/Content/Models/BatSignals/Materials/BatSignalGreenRed.uasset" 481
"K:/RIGPAR/RAS Project/RAS_Trainer V1/Content/Blueprints/BatSignalHolder.uasset" 482
"K:/RIGPAR/RAS Project/RAS_Trainer V1/Content/Models/BatSignals/BatSignal_GreenRed.uasset" 483
"K:/RIGPAR/RAS Project/RAS_Trainer V1/Content/Models/BatSignals/Textures/Bat_Signal_GreenAmber_OcclusionRoughnessMetallic.uasset" 484
"K:/RIGPAR/RAS Project/RAS_Trainer V1/Content/Models/BatSignals/Textures/Bat_Signal_GreenAmber_Normal.uasset" 485
"K:/RIGPAR/RAS Project/RAS_Trainer V1/Content/Models/BatSignals/Textures/Bat_Signal_GreenAmber_BaseColor.uasset" 486
"K:/RIGPAR/RAS Project/RAS_Trainer V1/Content/Models/BatSignals/Materials/BatSignalGreenAmber.uasset" 487
"K:/RIGPAR/RAS Project/RAS_Trainer V1/Content/Models/BatSignals/BatSignal_GreenAmber.uasset" 488
"K:/RIGPAR/RAS Project/RAS_Trainer V1/Content/Models/BatSignals/Textures/Bat_Signal_DiesoF76Water_BaseColor.uasset" 489
"K:/RIGPAR/RAS Project/RAS_Trainer V1/Content/Models/BatSignals/Textures/Bat_Signal_DiesoF76Water_Normal.uasset" 490
"K:/RIGPAR/RAS Project/RAS_Trainer V1/Content/Models/BatSignals/Textures/Bat_Signal_DiesoF76Water_OcclusionRoughnessMetallic.uasset" 491
"K:/RIGPAR/RAS Project/RAS_Trainer V1/Content/Models/BatSignals/Materials/BatSignalDiesoWater.uasset" 492
"K:/RIGPAR/RAS Project/RAS_Trainer V1/Content/Models/BatSignals/BatSignal_DiesoWater.uasset" 493
"K:/RIGPAR/RAS Project/RAS_Trainer V1/Content/Models/BatSignals/Textures/Bat_Signal_AVCAT_BaseColor.uasset" 494
"K:/RIGPAR/RAS Project/RAS_Trainer V1/Content/Models/BatSignals/Textures/Bat_Signal_AVCAT_Normal.uasset" 495
"K:/RIGPAR/RAS Project/RAS_Trainer V1/Content/Models/BatSignals/Textures/Bat_Signal_AVCAT_OcclusionRoughnessMetallic.uasset" 496
"K:/RIGPAR/RAS Project/RAS_Trainer V1/Content/Models/BatSignals/Materials/BatSignalAVCAT.uasset" 497
"K:/RIGPAR/RAS Project/RAS_Trainer V1/Content/Models/BatSignals/BatSignal_AVCAT.uasset" 498
"../../Plugins/Experimental/Landmass/Content/DistanceFields/Materials/DetectEdges.uasset" 499
"K:/RIGPAR/RAS Project/RAS_Trainer V1/Content/Blueprints/Teleport.uasset" 500
"K:/RIGPAR/RAS Project/RAS_Trainer V1/Content/Maps/OceanDay.umap" 501
"K:/RIGPAR/RAS Project/RAS_Trainer V1/Content/Maps/OceanEve_BuiltData.uasset" 502
"K:/RIGPAR/RAS Project/RAS_Trainer V1/Content/Maps/OceanEve.umap" 503
"K:/RIGPAR/RAS Project/RAS_Trainer V1/Content/Maps/OceanNight_BuiltData.uasset" 504
"K:/RIGPAR/RAS Project/RAS_Trainer V1/Content/Maps/OceanNight.umap" 505
"K:/RIGPAR/RAS Project/RAS_Trainer V1/Content/Maps/OceanRopeDay_BuiltData.uasset" 506
"K:/RIGPAR/RAS Project/RAS_Trainer V1/Content/Models/Rope/RopeHolder.uasset" 507
"../../../Engine/Content/BasicShapes/Sphere.uasset" 508
"K:/RIGPAR/RAS Project/RAS_Trainer V1/Content/Blueprints/PhysicsAssests.uasset" 509
"K:/RIGPAR/RAS Project/RAS_Trainer V1/Content/Models/Rope/Winch/Winch.uasset" 510
"K:/RIGPAR/RAS Project/RAS_Trainer V1/Content/Models/Rope/GunLineRope/GunlineBend_Skeleton.uasset" 511
"K:/RIGPAR/RAS Project/RAS_Trainer V1/Content/Models/Rope/GunLineRope/RopeMaterial.uasset" 512
"K:/RIGPAR/RAS Project/RAS_Trainer V1/Content/Models/Rope/GunLineRope/GunlineBend_PhysicsAsset.uasset" 513
"K:/RIGPAR/RAS Project/RAS_Trainer V1/Content/Models/Rope/GunLineRope/GunlineBend.uasset" 514
"K:/RIGPAR/RAS Project/RAS_Trainer V1/Content/Models/Rope/BP_RopeHolder.uasset" 515
"K:/RIGPAR/RAS Project/RAS_Trainer V1/Content/Maps/OceanRopeDay.umap" 516
"K:/RIGPAR/RAS Project/RAS_Trainer V1/Content/Maps/OceanRopeEve_BuiltData.uasset" 517
"K:/RIGPAR/RAS Project/RAS_Trainer V1/Content/Maps/OceanRopeEve.umap" 518
"K:/RIGPAR/RAS Project/RAS_Trainer V1/Content/Maps/OceanRopeNight_BuiltData.uasset" 519
"K:/RIGPAR/RAS Project/RAS_Trainer V1/Content/Maps/OceanRopeNight.umap" 520
"../../../Engine/Content/Maps/Entry_BuiltData.uasset" 521
"../../../Engine/Content/Maps/Entry.umap" 522
